<?xml version="1.0" encoding="UTF-8"?>
<!-- Generated by org.testng.reporters.JUnitXMLReporter -->
<testsuite ignored="0" hostname="xuanne" failures="0" tests="5" name="Default test" time="67.704" errors="0" timestamp="2026-03-04T17:32:09 ICT">
  <testcase classname="testj4.DienMayXanhLoginTest" name="TC01_ValidPhone" time="7.36"/>
  <testcase classname="testj4.DienMayXanhLoginTest" name="TC02_InvalidPhone" time="6.067"/>
  <testcase classname="testj4.DienMayXanhLoginTest" name="TC03_PhoneWithLetters" time="6.525"/>
  <testcase classname="testj4.DienMayXanhLoginTest" name="TC04_EmptyPhone" time="7.261"/>
  <testcase classname="testj4.DienMayXanhLoginTest" name="TC05_SpecialCharacters" time="6.223"/>
</testsuite> <!-- Default test -->
