<?xml version="1.0" encoding="UTF-8"?>
<testng-results ignored="0" total="5" passed="5" failed="0" skipped="0">
  <reporter-output>
  </reporter-output>
  <suite started-at="2026-03-04T17:31:01 ICT" name="Default suite" finished-at="2026-03-04T17:32:09 ICT" duration-ms="67704">
    <groups>
    </groups>
    <test started-at="2026-03-04T17:31:01 ICT" name="Default test" finished-at="2026-03-04T17:32:09 ICT" duration-ms="67704">
      <class name="testj4.DienMayXanhLoginTest">
        <test-method is-config="true" signature="setUp()[pri:0, instance:testj4.DienMayXanhLoginTest@23348b5d]" started-at="2026-03-04T17:31:01 ICT" name="setUp" finished-at="2026-03-04T17:31:15 ICT" duration-ms="13655" status="PASS">
          <reporter-output>
          </reporter-output>
        </test-method> <!-- setUp -->
        <test-method signature="TC01_ValidPhone()[pri:0, instance:testj4.DienMayXanhLoginTest@23348b5d]" started-at="2026-03-04T17:31:15 ICT" name="TC01_ValidPhone" finished-at="2026-03-04T17:31:22 ICT" duration-ms="7360" status="PASS">
          <reporter-output>
          </reporter-output>
        </test-method> <!-- TC01_ValidPhone -->
        <test-method is-config="true" signature="tearDown()[pri:0, instance:testj4.DienMayXanhLoginTest@23348b5d]" started-at="2026-03-04T17:31:22 ICT" name="tearDown" finished-at="2026-03-04T17:31:22 ICT" duration-ms="323" status="PASS">
          <reporter-output>
          </reporter-output>
        </test-method> <!-- tearDown -->
        <test-method is-config="true" signature="setUp()[pri:0, instance:testj4.DienMayXanhLoginTest@23348b5d]" started-at="2026-03-04T17:31:22 ICT" name="setUp" finished-at="2026-03-04T17:31:28 ICT" duration-ms="5326" status="PASS">
          <reporter-output>
          </reporter-output>
        </test-method> <!-- setUp -->
        <test-method signature="TC02_InvalidPhone()[pri:0, instance:testj4.DienMayXanhLoginTest@23348b5d]" started-at="2026-03-04T17:31:28 ICT" name="TC02_InvalidPhone" finished-at="2026-03-04T17:31:34 ICT" duration-ms="6067" status="PASS">
          <reporter-output>
          </reporter-output>
        </test-method> <!-- TC02_InvalidPhone -->
        <test-method is-config="true" signature="tearDown()[pri:0, instance:testj4.DienMayXanhLoginTest@23348b5d]" started-at="2026-03-04T17:31:34 ICT" name="tearDown" finished-at="2026-03-04T17:31:34 ICT" duration-ms="298" status="PASS">
          <reporter-output>
          </reporter-output>
        </test-method> <!-- tearDown -->
        <test-method is-config="true" signature="setUp()[pri:0, instance:testj4.DienMayXanhLoginTest@23348b5d]" started-at="2026-03-04T17:31:34 ICT" name="setUp" finished-at="2026-03-04T17:31:39 ICT" duration-ms="5014" status="PASS">
          <reporter-output>
          </reporter-output>
        </test-method> <!-- setUp -->
        <test-method signature="TC03_PhoneWithLetters()[pri:0, instance:testj4.DienMayXanhLoginTest@23348b5d]" started-at="2026-03-04T17:31:39 ICT" name="TC03_PhoneWithLetters" finished-at="2026-03-04T17:31:46 ICT" duration-ms="6525" status="PASS">
          <reporter-output>
          </reporter-output>
        </test-method> <!-- TC03_PhoneWithLetters -->
        <test-method is-config="true" signature="tearDown()[pri:0, instance:testj4.DienMayXanhLoginTest@23348b5d]" started-at="2026-03-04T17:31:46 ICT" name="tearDown" finished-at="2026-03-04T17:31:46 ICT" duration-ms="348" status="PASS">
          <reporter-output>
          </reporter-output>
        </test-method> <!-- tearDown -->
        <test-method is-config="true" signature="setUp()[pri:0, instance:testj4.DienMayXanhLoginTest@23348b5d]" started-at="2026-03-04T17:31:46 ICT" name="setUp" finished-at="2026-03-04T17:31:50 ICT" duration-ms="4278" status="PASS">
          <reporter-output>
          </reporter-output>
        </test-method> <!-- setUp -->
        <test-method signature="TC04_EmptyPhone()[pri:0, instance:testj4.DienMayXanhLoginTest@23348b5d]" started-at="2026-03-04T17:31:50 ICT" name="TC04_EmptyPhone" finished-at="2026-03-04T17:31:58 ICT" duration-ms="7261" status="PASS">
          <reporter-output>
          </reporter-output>
        </test-method> <!-- TC04_EmptyPhone -->
        <test-method is-config="true" signature="tearDown()[pri:0, instance:testj4.DienMayXanhLoginTest@23348b5d]" started-at="2026-03-04T17:31:58 ICT" name="tearDown" finished-at="2026-03-04T17:31:58 ICT" duration-ms="329" status="PASS">
          <reporter-output>
          </reporter-output>
        </test-method> <!-- tearDown -->
        <test-method is-config="true" signature="setUp()[pri:0, instance:testj4.DienMayXanhLoginTest@23348b5d]" started-at="2026-03-04T17:31:58 ICT" name="setUp" finished-at="2026-03-04T17:32:02 ICT" duration-ms="4224" status="PASS">
          <reporter-output>
          </reporter-output>
        </test-method> <!-- setUp -->
        <test-method signature="TC05_SpecialCharacters()[pri:0, instance:testj4.DienMayXanhLoginTest@23348b5d]" started-at="2026-03-04T17:32:02 ICT" name="TC05_SpecialCharacters" finished-at="2026-03-04T17:32:08 ICT" duration-ms="6223" status="PASS">
          <reporter-output>
          </reporter-output>
        </test-method> <!-- TC05_SpecialCharacters -->
        <test-method is-config="true" signature="tearDown()[pri:0, instance:testj4.DienMayXanhLoginTest@23348b5d]" started-at="2026-03-04T17:32:08 ICT" name="tearDown" finished-at="2026-03-04T17:32:09 ICT" duration-ms="370" status="PASS">
          <reporter-output>
          </reporter-output>
        </test-method> <!-- tearDown -->
      </class> <!-- testj4.DienMayXanhLoginTest -->
    </test> <!-- Default test -->
  </suite> <!-- Default suite -->
</testng-results>
