<?xml version="1.0" encoding="UTF-8"?>
<!-- Generated by org.testng.reporters.JUnitReportReporter -->
<testsuite hostname="xuanne" failures="0" tests="5" name="testj4.DienMayXanhLoginTest" time="67.601" errors="0" timestamp="2026-03-04T17:32:09 ICT" skipped="0">
  <testcase classname="testj4.DienMayXanhLoginTest" name="TC05_SpecialCharacters" time="11.847"/>
  <testcase classname="testj4.DienMayXanhLoginTest" name="TC02_InvalidPhone" time="10.620"/>
  <testcase classname="testj4.DienMayXanhLoginTest" name="TC01_ValidPhone" time="11.986"/>
  <testcase classname="testj4.DienMayXanhLoginTest" name="TC04_EmptyPhone" time="12.598"/>
  <testcase classname="testj4.DienMayXanhLoginTest" name="TC03_PhoneWithLetters" time="20.550"/>
</testsuite> <!-- testj4.DienMayXanhLoginTest -->
