<?xml version="1.0" encoding="UTF-8"?>
<!-- Generated by org.testng.reporters.JUnitReportReporter -->
<testsuite hostname="nhat" failures="0" tests="5" name="testj4.dienmayxanhlogintest" time="42.767" errors="0" timestamp="2026-03-02T19:50:35 ICT" skipped="0">
  <testcase classname="testj4.dienmayxanhlogintest" name="TC01_ValidPhone" time="10.213"/>
  <testcase classname="testj4.dienmayxanhlogintest" name="TC02_InvalidPhone" time="8.376"/>
  <testcase classname="testj4.dienmayxanhlogintest" name="TC04_EmptyPhone" time="8.733"/>
  <testcase classname="testj4.dienmayxanhlogintest" name="TC03_PhoneWithLetters" time="7.727"/>
  <testcase classname="testj4.dienmayxanhlogintest" name="TC05_SpecialCharacters" time="7.718"/>
</testsuite> <!-- testj4.dienmayxanhlogintest -->
