<?xml version="1.0" encoding="UTF-8"?>
<!-- Generated by org.testng.reporters.JUnitReportReporter -->
<testsuite hostname="xuanne" failures="0" tests="15" name="testj4.testfull" time="5.823" errors="0" timestamp="2026-03-04T17:30:46 ICT" skipped="0">
  <testcase classname="testj4.testfull" name="TC08_CheckFavoriteExists" time="0.073"/>
  <testcase classname="testj4.testfull" name="TC04_FindUserValid" time="0.015"/>
  <testcase classname="testj4.testfull" name="TC03_LoginEmptyUser" time="0.012"/>
  <testcase classname="testj4.testfull" name="TC11_CheckAdminRole" time="0.013"/>
  <testcase classname="testj4.testfull" name="TC05_UpdateUser" time="0.085"/>
  <testcase classname="testj4.testfull" name="TC02_LoginWrongPassword" time="0.016"/>
  <testcase classname="testj4.testfull" name="TC10_CheckUserRole" time="5.066"/>
  <testcase classname="testj4.testfull" name="TC14_JpaConnection" time="0.004"/>
  <testcase classname="testj4.testfull" name="TC06_FindTop6Videos" time="0.195"/>
  <testcase classname="testj4.testfull" name="TC12_CreateNewUser" time="0.065"/>
  <testcase classname="testj4.testfull" name="TC13_ChangePasswordLogic" time="0.005"/>
  <testcase classname="testj4.testfull" name="TC09_ValidateShareEmail" time="0.005"/>
  <testcase classname="testj4.testfull" name="TC01_LoginSuccess" time="0.247"/>
  <testcase classname="testj4.testfull" name="TC07_UpdateVideoViews" time="0.015"/>
  <testcase classname="testj4.testfull" name="TC15_CookieHistory" time="0.007"/>
</testsuite> <!-- testj4.testfull -->
